<?xml version="1.0" ?>
<!DOCTYPE coverage SYSTEM "http://cobertura.sourceforge.net/xml/coverage-04.dtd">
<coverage lines-valid="164" lines-covered="80" line-rate="0.4878" branches-valid="39" branches-covered="17" branch-rate="0.43579999999999997" timestamp="1763253771881" complexity="0" version="0.1">
  <sources>
    <source>/Users/supu96/INFRAESTRUCTURA PARA EL DESARROLLO CONTINUO/Proyect/backend</source>
  </sources>
  <packages>
    <package name="backend" line-rate="0.7692" branch-rate="0.5">
      <classes>
        <class name="server.js" filename="server.js" line-rate="0.7692" branch-rate="0.5">
          <methods>
            <method name="(anonymous_0)" hits="0" signature="()V">
              <lines>
                <line number="26" hits="0"/>
              </lines>
            </method>
            <method name="(anonymous_1)" hits="0" signature="()V">
              <lines>
                <line number="33" hits="0"/>
              </lines>
            </method>
          </methods>
          <lines>
            <line number="9" hits="3" branch="false"/>
            <line number="11" hits="3" branch="false"/>
            <line number="14" hits="3" branch="false"/>
            <line number="18" hits="3" branch="false"/>
            <line number="21" hits="3" branch="false"/>
            <line number="22" hits="3" branch="false"/>
            <line number="23" hits="3" branch="false"/>
            <line number="26" hits="3" branch="false"/>
            <line number="27" hits="0" branch="false"/>
            <line number="31" hits="3" branch="true" condition-coverage="50% (1/2)"/>
            <line number="32" hits="3" branch="true" condition-coverage="50% (1/2)"/>
            <line number="33" hits="0" branch="false"/>
            <line number="34" hits="0" branch="false"/>
          </lines>
        </class>
      </classes>
    </package>
    <package name="backend.config" line-rate="0.8887999999999999" branch-rate="0.5">
      <classes>
        <class name="db.js" filename="config/db.js" line-rate="0.8887999999999999" branch-rate="0.5">
          <methods>
            <method name="testConnection" hits="3" signature="()V">
              <lines>
                <line number="21" hits="3"/>
              </lines>
            </method>
          </methods>
          <lines>
            <line number="4" hits="3" branch="false"/>
            <line number="6" hits="3" branch="false"/>
            <line number="22" hits="3" branch="false"/>
            <line number="23" hits="3" branch="false"/>
            <line number="24" hits="3" branch="false"/>
            <line number="25" hits="3" branch="false"/>
            <line number="27" hits="0" branch="false"/>
            <line number="31" hits="3" branch="false"/>
            <line number="33" hits="3" branch="false"/>
          </lines>
        </class>
      </classes>
    </package>
    <package name="backend.controllers" line-rate="0.3611" branch-rate="0.4736">
      <classes>
        <class name="movieController.js" filename="controllers/movieController.js" line-rate="0.3333" branch-rate="0.5">
          <methods>
            <method name="listMovies" hits="1" signature="()V">
              <lines>
                <line number="9" hits="1"/>
              </lines>
            </method>
            <method name="getMovie" hits="0" signature="()V">
              <lines>
                <line number="21" hits="0"/>
              </lines>
            </method>
            <method name="addMovie" hits="1" signature="()V">
              <lines>
                <line number="31" hits="1"/>
              </lines>
            </method>
            <method name="editMovie" hits="0" signature="()V">
              <lines>
                <line number="42" hits="0"/>
              </lines>
            </method>
            <method name="removeMovie" hits="0" signature="()V">
              <lines>
                <line number="52" hits="0"/>
              </lines>
            </method>
          </methods>
          <lines>
            <line number="10" hits="1" branch="false"/>
            <line number="11" hits="1" branch="false"/>
            <line number="12" hits="1" branch="false"/>
            <line number="13" hits="1" branch="false"/>
            <line number="14" hits="1" branch="false"/>
            <line number="16" hits="0" branch="false"/>
            <line number="17" hits="0" branch="false"/>
            <line number="22" hits="0" branch="false"/>
            <line number="23" hits="0" branch="false"/>
            <line number="24" hits="0" branch="true" condition-coverage="0% (0/2)"/>
            <line number="25" hits="0" branch="false"/>
            <line number="27" hits="0" branch="false"/>
            <line number="32" hits="1" branch="false"/>
            <line number="33" hits="1" branch="false"/>
            <line number="34" hits="1" branch="true" condition-coverage="100% (2/2)"/>
            <line number="35" hits="1" branch="false"/>
            <line number="37" hits="0" branch="false"/>
            <line number="38" hits="0" branch="false"/>
            <line number="43" hits="0" branch="false"/>
            <line number="44" hits="0" branch="false"/>
            <line number="45" hits="0" branch="false"/>
            <line number="46" hits="0" branch="false"/>
            <line number="48" hits="0" branch="false"/>
            <line number="53" hits="0" branch="false"/>
            <line number="54" hits="0" branch="false"/>
            <line number="55" hits="0" branch="false"/>
            <line number="57" hits="0" branch="false"/>
          </lines>
        </class>
        <class name="rentController.js" filename="controllers/rentController.js" line-rate="0.2857" branch-rate="0.5">
          <methods>
            <method name="rent" hits="1" signature="()V">
              <lines>
                <line number="3" hits="1"/>
              </lines>
            </method>
            <method name="listUserRents" hits="0" signature="()V">
              <lines>
                <line number="17" hits="0"/>
              </lines>
            </method>
            <method name="returnRentedMovie" hits="0" signature="()V">
              <lines>
                <line number="27" hits="0"/>
              </lines>
            </method>
          </methods>
          <lines>
            <line number="4" hits="1" branch="false"/>
            <line number="5" hits="1" branch="false"/>
            <line number="6" hits="1" branch="false"/>
            <line number="8" hits="1" branch="true" condition-coverage="50% (1/2)"/>
            <line number="10" hits="1" branch="false"/>
            <line number="11" hits="1" branch="false"/>
            <line number="13" hits="0" branch="false"/>
            <line number="18" hits="0" branch="false"/>
            <line number="19" hits="0" branch="false"/>
            <line number="20" hits="0" branch="false"/>
            <line number="21" hits="0" branch="false"/>
            <line number="23" hits="0" branch="false"/>
            <line number="28" hits="0" branch="false"/>
            <line number="29" hits="0" branch="false"/>
            <line number="30" hits="0" branch="false"/>
            <line number="31" hits="0" branch="false"/>
            <line number="32" hits="0" branch="false"/>
            <line number="33" hits="0" branch="false"/>
            <line number="34" hits="0" branch="false"/>
            <line number="36" hits="0" branch="false"/>
            <line number="37" hits="0" branch="false"/>
          </lines>
        </class>
        <class name="userController.js" filename="controllers/userController.js" line-rate="0.4583" branch-rate="0.46149999999999997">
          <methods>
            <method name="register" hits="2" signature="()V">
              <lines>
                <line number="7" hits="2"/>
              </lines>
            </method>
            <method name="login" hits="0" signature="()V">
              <lines>
                <line number="27" hits="0"/>
              </lines>
            </method>
          </methods>
          <lines>
            <line number="5" hits="3" branch="false"/>
            <line number="8" hits="2" branch="false"/>
            <line number="9" hits="2" branch="false"/>
            <line number="10" hits="2" branch="true" condition-coverage="100% (5/5)"/>
            <line number="11" hits="1" branch="false"/>
            <line number="13" hits="1" branch="false"/>
            <line number="14" hits="1" branch="true" condition-coverage="50% (1/2)"/>
            <line number="15" hits="0" branch="false"/>
            <line number="17" hits="1" branch="false"/>
            <line number="18" hits="1" branch="false"/>
            <line number="20" hits="1" branch="false"/>
            <line number="21" hits="1" branch="false"/>
            <line number="23" hits="0" branch="false"/>
            <line number="28" hits="0" branch="false"/>
            <line number="29" hits="0" branch="false"/>
            <line number="30" hits="0" branch="false"/>
            <line number="32" hits="0" branch="true" condition-coverage="0% (0/2)"/>
            <line number="33" hits="0" branch="false"/>
            <line number="35" hits="0" branch="false"/>
            <line number="36" hits="0" branch="true" condition-coverage="0% (0/2)"/>
            <line number="37" hits="0" branch="false"/>
            <line number="39" hits="0" branch="false"/>
            <line number="45" hits="0" branch="false"/>
            <line number="47" hits="0" branch="false"/>
          </lines>
        </class>
      </classes>
    </package>
    <package name="backend.middleware" line-rate="0.3333" branch-rate="0.1666">
      <classes>
        <class name="authMiddleware.js" filename="middleware/authMiddleware.js" line-rate="0.3333" branch-rate="0.1666">
          <methods>
            <method name="verifyToken" hits="1" signature="()V">
              <lines>
                <line number="5" hits="1"/>
              </lines>
            </method>
          </methods>
          <lines>
            <line number="3" hits="3" branch="false"/>
            <line number="6" hits="1" branch="true" condition-coverage="50% (1/2)"/>
            <line number="7" hits="1" branch="false"/>
            <line number="8" hits="1" branch="false"/>
            <line number="10" hits="0" branch="false"/>
            <line number="11" hits="0" branch="true" condition-coverage="0% (0/2)"/>
            <line number="13" hits="0" branch="true" condition-coverage="0% (0/2)"/>
            <line number="15" hits="0" branch="false"/>
            <line number="16" hits="0" branch="false"/>
            <line number="17" hits="0" branch="false"/>
            <line number="18" hits="0" branch="false"/>
            <line number="20" hits="0" branch="false"/>
          </lines>
        </class>
      </classes>
    </package>
    <package name="backend.models" line-rate="0.42219999999999996" branch-rate="0.5">
      <classes>
        <class name="movieModel.js" filename="models/movieModel.js" line-rate="0.38880000000000003" branch-rate="0.5">
          <methods>
            <method name="getAllMovies" hits="1" signature="()V">
              <lines>
                <line number="4" hits="1"/>
              </lines>
            </method>
            <method name="getMovieById" hits="0" signature="()V">
              <lines>
                <line number="10" hits="0"/>
              </lines>
            </method>
            <method name="createMovie" hits="1" signature="()V">
              <lines>
                <line number="16" hits="1"/>
              </lines>
            </method>
            <method name="updateMovie" hits="0" signature="()V">
              <lines>
                <line number="35" hits="0"/>
              </lines>
            </method>
            <method name="deleteMovie" hits="0" signature="()V">
              <lines>
                <line number="50" hits="0"/>
              </lines>
            </method>
          </methods>
          <lines>
            <line number="5" hits="1" branch="false"/>
            <line number="6" hits="1" branch="false"/>
            <line number="11" hits="0" branch="false"/>
            <line number="12" hits="0" branch="false"/>
            <line number="17" hits="1" branch="false"/>
            <line number="18" hits="1" branch="false"/>
            <line number="19" hits="1" branch="false"/>
            <line number="23" hits="1" branch="false"/>
            <line number="30" hits="1" branch="false"/>
            <line number="36" hits="0" branch="false"/>
            <line number="37" hits="0" branch="false"/>
            <line number="38" hits="0" branch="false"/>
            <line number="43" hits="0" branch="false"/>
            <line number="45" hits="0" branch="false"/>
            <line number="51" hits="0" branch="false"/>
            <line number="52" hits="0" branch="false"/>
            <line number="53" hits="0" branch="false"/>
            <line number="55" hits="0" branch="false"/>
          </lines>
        </class>
        <class name="rentModel.js" filename="models/rentModel.js" line-rate="0.2777" branch-rate="1">
          <methods>
            <method name="rentMovie" hits="1" signature="()V">
              <lines>
                <line number="4" hits="1"/>
              </lines>
            </method>
            <method name="getRentedMoviesByUser" hits="0" signature="()V">
              <lines>
                <line number="16" hits="0"/>
              </lines>
            </method>
            <method name="returnMovie" hits="0" signature="()V">
              <lines>
                <line number="37" hits="0"/>
              </lines>
            </method>
          </methods>
          <lines>
            <line number="5" hits="1" branch="false"/>
            <line number="6" hits="1" branch="false"/>
            <line number="10" hits="1" branch="false"/>
            <line number="11" hits="1" branch="false"/>
            <line number="12" hits="1" branch="false"/>
            <line number="17" hits="0" branch="false"/>
            <line number="19" hits="0" branch="false"/>
            <line number="26" hits="0" branch="false"/>
            <line number="27" hits="0" branch="false"/>
            <line number="28" hits="0" branch="false"/>
            <line number="29" hits="0" branch="false"/>
            <line number="31" hits="0" branch="false"/>
            <line number="32" hits="0" branch="false"/>
            <line number="38" hits="0" branch="false"/>
            <line number="39" hits="0" branch="false"/>
            <line number="40" hits="0" branch="false"/>
            <line number="41" hits="0" branch="false"/>
            <line number="44" hits="0" branch="false"/>
          </lines>
        </class>
        <class name="userModel.js" filename="models/userModel.js" line-rate="0.7777" branch-rate="0.5">
          <methods>
            <method name="(anonymous_0)" hits="0" signature="()V">
              <lines>
                <line number="4" hits="0"/>
              </lines>
            </method>
            <method name="(anonymous_1)" hits="1" signature="()V">
              <lines>
                <line number="10" hits="1"/>
              </lines>
            </method>
            <method name="(anonymous_2)" hits="1" signature="()V">
              <lines>
                <line number="16" hits="1"/>
              </lines>
            </method>
          </methods>
          <lines>
            <line number="4" hits="3" branch="false"/>
            <line number="5" hits="0" branch="false"/>
            <line number="6" hits="0" branch="false"/>
            <line number="10" hits="3" branch="false"/>
            <line number="11" hits="1" branch="false"/>
            <line number="12" hits="1" branch="true" condition-coverage="50% (1/2)"/>
            <line number="16" hits="3" branch="false"/>
            <line number="17" hits="1" branch="false"/>
            <line number="21" hits="1" branch="false"/>
          </lines>
        </class>
      </classes>
    </package>
    <package name="backend.routes" line-rate="1" branch-rate="1">
      <classes>
        <class name="movieRoutes.js" filename="routes/movieRoutes.js" line-rate="1" branch-rate="1">
          <methods>
          </methods>
          <lines>
            <line number="10" hits="3" branch="false"/>
            <line number="13" hits="3" branch="false"/>
            <line number="14" hits="3" branch="false"/>
            <line number="17" hits="3" branch="false"/>
            <line number="18" hits="3" branch="false"/>
            <line number="19" hits="3" branch="false"/>
          </lines>
        </class>
        <class name="rentRoutes.js" filename="routes/rentRoutes.js" line-rate="1" branch-rate="1">
          <methods>
          </methods>
          <lines>
            <line number="5" hits="3" branch="false"/>
            <line number="8" hits="3" branch="false"/>
            <line number="9" hits="3" branch="false"/>
            <line number="10" hits="3" branch="false"/>
          </lines>
        </class>
        <class name="userRoutes.js" filename="routes/userRoutes.js" line-rate="1" branch-rate="1">
          <methods>
          </methods>
          <lines>
            <line number="4" hits="3" branch="false"/>
            <line number="6" hits="3" branch="false"/>
            <line number="7" hits="3" branch="false"/>
          </lines>
        </class>
      </classes>
    </package>
  </packages>
</coverage>
